# JRE version: Java(TM) SE Runtime Environment (8.0_221-b11) (build 1.8.0_221-b11)
# Java VM: Java HotSpot(TM) 64-Bit Server VM (25.221-b11 mixed mode windows-amd64 compressed oops)
Heap:
 PSYoungGen      total 37888K, used 29875K [0x00000000d6100000, 0x00000000dc980000, 0x0000000100000000)
  eden space 32768K, 75% used [0x00000000d6100000,0x00000000d792cd90,0x00000000d8100000)
  from space 5120K, 100% used [0x00000000d8100000,0x00000000d8600000,0x00000000d8600000)
  to   space 35328K, 0% used [0x00000000da700000,0x00000000da700000,0x00000000dc980000)
 ParOldGen       total 124928K, used 76711K [0x0000000082200000, 0x0000000089c00000, 0x00000000d6100000)
  object space 124928K, 61% used [0x0000000082200000,0x0000000086ce9f70,0x0000000089c00000)
 Metaspace       used 8389K, capacity 8630K, committed 8832K, reserved 1056768K
  class space    used 1036K, capacity 1121K, committed 1152K, reserved 1048576K
GC Heap History (10 events):
Event: 15.104 GC heap before
{Heap before GC invocations=2 (full 0):
 PSYoungGen      total 37888K, used 37880K [0x00000000d6100000, 0x00000000d8b00000, 0x0000000100000000)
  eden space 32768K, 100% used [0x00000000d6100000,0x00000000d8100000,0x00000000d8100000)
  from space 5120K, 99% used [0x00000000d8100000,0x00000000d85fe010,0x00000000d8600000)
  to   space 5120K, 0% used [0x00000000d8600000,0x00000000d8600000,0x00000000d8b00000)
 ParOldGen       total 86016K, used 12522K [0x0000000082200000, 0x0000000087600000, 0x00000000d6100000)
  object space 86016K, 14% used [0x0000000082200000,0x0000000082e3a8d0,0x0000000087600000)
 Metaspace       used 8383K, capacity 8630K, committed 8832K, reserved 1056768K
  class space    used 1034K, capacity 1121K, committed 1152K, reserved 1048576K
Event: 15.167 GC heap after
Heap after GC invocations=2 (full 0):
 PSYoungGen      total 37888K, used 5112K [0x00000000d6100000, 0x00000000d8b00000, 0x0000000100000000)
  eden space 32768K, 0% used [0x00000000d6100000,0x00000000d6100000,0x00000000d8100000)
  from space 5120K, 99% used [0x00000000d8600000,0x00000000d8afe030,0x00000000d8b00000)
  to   space 5120K, 0% used [0x00000000d8100000,0x00000000d8100000,0x00000000d8600000)
 ParOldGen       total 86016K, used 36383K [0x0000000082200000, 0x0000000087600000, 0x00000000d6100000)
  object space 86016K, 42% used [0x0000000082200000,0x0000000084587ed0,0x0000000087600000)
 Metaspace       used 8383K, capacity 8630K, committed 8832K, reserved 1056768K
  class space    used 1034K, capacity 1121K, committed 1152K, reserved 1048576K
}
Event: 27.181 GC heap before
{Heap before GC invocations=3 (full 0):
 PSYoungGen      total 37888K, used 37880K [0x00000000d6100000, 0x00000000d8b00000, 0x0000000100000000)
  eden space 32768K, 100% used [0x00000000d6100000,0x00000000d8100000,0x00000000d8100000)
  from space 5120K, 99% used [0x00000000d8600000,0x00000000d8afe030,0x00000000d8b00000)
  to   space 5120K, 0% used [0x00000000d8100000,0x00000000d8100000,0x00000000d8600000)
 ParOldGen       total 86016K, used 36383K [0x0000000082200000, 0x0000000087600000, 0x00000000d6100000)
  object space 86016K, 42% used [0x0000000082200000,0x0000000084587ed0,0x0000000087600000)
 Metaspace       used 8384K, capacity 8630K, committed 8832K, reserved 1056768K
  class space    used 1034K, capacity 1121K, committed 1152K, reserved 1048576K
Event: 27.493 GC heap after
Heap after GC invocations=3 (full 0):
 PSYoungGen      total 37888K, used 5096K [0x00000000d6100000, 0x00000000d8b00000, 0x0000000100000000)
  eden space 32768K, 0% used [0x00000000d6100000,0x00000000d6100000,0x00000000d8100000)
  from space 5120K, 99% used [0x00000000d8100000,0x00000000d85fa020,0x00000000d8600000)
  to   space 5120K, 0% used [0x00000000d8600000,0x00000000d8600000,0x00000000d8b00000)
 ParOldGen       total 86016K, used 61872K [0x0000000082200000, 0x0000000087600000, 0x00000000d6100000)
  object space 86016K, 71% used [0x0000000082200000,0x0000000085e6c140,0x0000000087600000)
 Metaspace       used 8384K, capacity 8630K, committed 8832K, reserved 1056768K
  class space    used 1034K, capacity 1121K, committed 1152K, reserved 1048576K
}
Event: 27.495 GC heap before
{Heap before GC invocations=4 (full 1):
 PSYoungGen      total 37888K, used 5096K [0x00000000d6100000, 0x00000000d8b00000, 0x0000000100000000)
  eden space 32768K, 0% used [0x00000000d6100000,0x00000000d6100000,0x00000000d8100000)
  from space 5120K, 99% used [0x00000000d8100000,0x00000000d85fa020,0x00000000d8600000)
  to   space 5120K, 0% used [0x00000000d8600000,0x00000000d8600000,0x00000000d8b00000)
 ParOldGen       total 86016K, used 61872K [0x0000000082200000, 0x0000000087600000, 0x00000000d6100000)
  object space 86016K, 71% used [0x0000000082200000,0x0000000085e6c140,0x0000000087600000)
 Metaspace       used 8384K, capacity 8630K, committed 8832K, reserved 1056768K
  class space    used 1034K, capacity 1121K, committed 1152K, reserved 1048576K
Event: 30.200 GC heap after
Heap after GC invocations=4 (full 1):
 PSYoungGen      total 37888K, used 0K [0x00000000d6100000, 0x00000000d8b00000, 0x0000000100000000)
  eden space 32768K, 0% used [0x00000000d6100000,0x00000000d6100000,0x00000000d8100000)
  from space 5120K, 0% used [0x00000000d8100000,0x00000000d8100000,0x00000000d8600000)
  to   space 5120K, 0% used [0x00000000d8600000,0x00000000d8600000,0x00000000d8b00000)
 ParOldGen       total 124928K, used 29822K [0x0000000082200000, 0x0000000089c00000, 0x00000000d6100000)
  object space 124928K, 23% used [0x0000000082200000,0x0000000083f1f9c0,0x0000000089c00000)
 Metaspace       used 8384K, capacity 8630K, committed 8832K, reserved 1056768K
  class space    used 1034K, capacity 1121K, committed 1152K, reserved 1048576K
}
Event: 44.417 GC heap before
{Heap before GC invocations=5 (full 1):
 PSYoungGen      total 37888K, used 32768K [0x00000000d6100000, 0x00000000d8b00000, 0x0000000100000000)
  eden space 32768K, 100% used [0x00000000d6100000,0x00000000d8100000,0x00000000d8100000)
  from space 5120K, 0% used [0x00000000d8100000,0x00000000d8100000,0x00000000d8600000)
  to   space 5120K, 0% used [0x00000000d8600000,0x00000000d8600000,0x00000000d8b00000)
 ParOldGen       total 124928K, used 29822K [0x0000000082200000, 0x0000000089c00000, 0x00000000d6100000)
  object space 124928K, 23% used [0x0000000082200000,0x0000000083f1f9c0,0x0000000089c00000)
 Metaspace       used 8384K, capacity 8630K, committed 8832K, reserved 1056768K
  class space    used 1034K, capacity 1121K, committed 1152K, reserved 1048576K
Event: 44.624 GC heap after
Heap after GC invocations=5 (full 1):
 PSYoungGen      total 37888K, used 5120K [0x00000000d6100000, 0x00000000d8e00000, 0x0000000100000000)
  eden space 32768K, 0% used [0x00000000d6100000,0x00000000d6100000,0x00000000d8100000)
  from space 5120K, 100% used [0x00000000d8600000,0x00000000d8b00000,0x00000000d8b00000)
  to   space 5120K, 0% used [0x00000000d8100000,0x00000000d8100000,0x00000000d8600000)
 ParOldGen       total 124928K, used 54437K [0x0000000082200000, 0x0000000089c00000, 0x00000000d6100000)
  object space 124928K, 43% used [0x0000000082200000,0x0000000085729570,0x0000000089c00000)
 Metaspace       used 8384K, capacity 8630K, committed 8832K, reserved 1056768K
  class space    used 1034K, capacity 1121K, committed 1152K, reserved 1048576K
}
Event: 62.166 GC heap before
{Heap before GC invocations=6 (full 1):
 PSYoungGen      total 37888K, used 37888K [0x00000000d6100000, 0x00000000d8e00000, 0x0000000100000000)
  eden space 32768K, 100% used [0x00000000d6100000,0x00000000d8100000,0x00000000d8100000)
  from space 5120K, 100% used [0x00000000d8600000,0x00000000d8b00000,0x00000000d8b00000)
  to   space 5120K, 0% used [0x00000000d8100000,0x00000000d8100000,0x00000000d8600000)
 ParOldGen       total 124928K, used 54437K [0x0000000082200000, 0x0000000089c00000, 0x00000000d6100000)
  object space 124928K, 43% used [0x0000000082200000,0x0000000085729570,0x0000000089c00000)
 Metaspace       used 8384K, capacity 8630K, committed 8832K, reserved 1056768K
  class space    used 1034K, capacity 1121K, committed 1152K, reserved 1048576K
Event: 62.381 GC heap after
Heap after GC invocations=6 (full 1):
 PSYoungGen      total 37888K, used 5120K [0x00000000d6100000, 0x00000000dc980000, 0x0000000100000000)
  eden space 32768K, 0% used [0x00000000d6100000,0x00000000d6100000,0x00000000d8100000)
  from space 5120K, 100% used [0x00000000d8100000,0x00000000d8600000,0x00000000d8600000)
  to   space 35328K, 0% used [0x00000000da700000,0x00000000da700000,0x00000000dc980000)
 ParOldGen       total 124928K, used 76711K [0x0000000082200000, 0x0000000089c00000, 0x00000000d6100000)
  object space 124928K, 61% used [0x0000000082200000,0x0000000086ce9f70,0x0000000089c00000)
 Metaspace       used 8384K, capacity 8630K, committed 8832K, reserved 1056768K
  class space    used 1034K, capacity 1121K, committed 1152K, reserved 1048576K
}

